2013-03-04 21:28:03 Error: [MissingConnectionException] Database connection "SQLSTATE[28000] [1045] Access denied for user 'rr_user'@'localhost' (using password: YES)" is missing, or could not be created.
#0 C:\wamp\www\reservationresources\lib\Cake\Model\Datasource\DboSource.php(245): Mysql->connect()
#1 C:\wamp\www\reservationresources\lib\Cake\Model\ConnectionManager.php(101): DboSource->__construct(Array)
#2 C:\wamp\www\reservationresources\lib\Cake\Model\Model.php(3372): ConnectionManager::getDataSource('default')
#3 C:\wamp\www\reservationresources\lib\Cake\Model\Model.php(1083): Model->setDataSource('default')
#4 C:\wamp\www\reservationresources\lib\Cake\Model\Model.php(3398): Model->setSource('properties')
#5 C:\wamp\www\reservationresources\lib\Cake\Model\Model.php(1276): Model->getDataSource()
#6 C:\wamp\www\reservationresources\lib\Cake\View\Helper\FormHelper.php(191): Model->schema()
#7 C:\wamp\www\reservationresources\lib\Cake\View\Helper\FormHelper.php(444): FormHelper->_introspectModel('Property', 'fields')
#8 C:\wamp\www\reservationresources\app\View\Properties\index.ctp(36): FormHelper->create('Property', Array)
#9 C:\wamp\www\reservationresources\lib\Cake\View\View.php(908): include('C:\wamp\www\res...')
#10 C:\wamp\www\reservationresources\lib\Cake\View\View.php(872): View->_evaluate('C:\wamp\www\res...', Array)
#11 C:\wamp\www\reservationresources\lib\Cake\View\View.php(463): View->_render('C:\wamp\www\res...')
#12 C:\wamp\www\reservationresources\lib\Cake\Controller\Controller.php(959): View->render(NULL, NULL)
#13 C:\wamp\www\reservationresources\lib\Cake\Routing\Dispatcher.php(110): Controller->render()
#14 C:\wamp\www\reservationresources\lib\Cake\Routing\Dispatcher.php(85): Dispatcher->_invoke(Object(PropertiesController), Object(CakeRequest), Object(CakeResponse))
#15 C:\wamp\www\reservationresources\app\webroot\index.php(96): Dispatcher->dispatch(Object(CakeRequest), Object(CakeResponse))
#16 {main}
2013-03-04 21:42:10 Error: [MissingConnectionException] Database connection "SQLSTATE[28000] [1045] Access denied for user 'rr_user'@'localhost' (using password: YES)" is missing, or could not be created.
#0 C:\wamp\www\reservationresources\lib\Cake\Model\Datasource\DboSource.php(245): Mysql->connect()
#1 C:\wamp\www\reservationresources\lib\Cake\Model\ConnectionManager.php(101): DboSource->__construct(Array)
#2 C:\wamp\www\reservationresources\lib\Cake\Model\Model.php(3372): ConnectionManager::getDataSource('default')
#3 C:\wamp\www\reservationresources\lib\Cake\Model\Model.php(1083): Model->setDataSource('default')
#4 C:\wamp\www\reservationresources\lib\Cake\Model\Model.php(3398): Model->setSource('properties')
#5 C:\wamp\www\reservationresources\lib\Cake\Model\Model.php(1276): Model->getDataSource()
#6 C:\wamp\www\reservationresources\lib\Cake\View\Helper\FormHelper.php(191): Model->schema()
#7 C:\wamp\www\reservationresources\lib\Cake\View\Helper\FormHelper.php(444): FormHelper->_introspectModel('Property', 'fields')
#8 C:\wamp\www\reservationresources\app\View\Properties\index.ctp(36): FormHelper->create('Property', Array)
#9 C:\wamp\www\reservationresources\lib\Cake\View\View.php(908): include('C:\wamp\www\res...')
#10 C:\wamp\www\reservationresources\lib\Cake\View\View.php(872): View->_evaluate('C:\wamp\www\res...', Array)
#11 C:\wamp\www\reservationresources\lib\Cake\View\View.php(463): View->_render('C:\wamp\www\res...')
#12 C:\wamp\www\reservationresources\lib\Cake\Controller\Controller.php(959): View->render(NULL, NULL)
#13 C:\wamp\www\reservationresources\lib\Cake\Routing\Dispatcher.php(110): Controller->render()
#14 C:\wamp\www\reservationresources\lib\Cake\Routing\Dispatcher.php(85): Dispatcher->_invoke(Object(PropertiesController), Object(CakeRequest), Object(CakeResponse))
#15 C:\wamp\www\reservationresources\app\webroot\index.php(96): Dispatcher->dispatch(Object(CakeRequest), Object(CakeResponse))
#16 {main}
2013-03-04 22:35:12 Error: [MissingConnectionException] Database connection "SQLSTATE[28000] [1045] Access denied for user 'rr_user'@'localhost' (using password: YES)" is missing, or could not be created.
#0 C:\wamp\www\reservationresources\lib\Cake\Model\Datasource\DboSource.php(245): Mysql->connect()
#1 C:\wamp\www\reservationresources\lib\Cake\Model\ConnectionManager.php(101): DboSource->__construct(Array)
#2 C:\wamp\www\reservationresources\lib\Cake\Model\Model.php(3372): ConnectionManager::getDataSource('default')
#3 C:\wamp\www\reservationresources\lib\Cake\Model\Model.php(1083): Model->setDataSource('default')
#4 C:\wamp\www\reservationresources\lib\Cake\Model\Model.php(3398): Model->setSource('properties')
#5 C:\wamp\www\reservationresources\lib\Cake\Model\Model.php(1276): Model->getDataSource()
#6 C:\wamp\www\reservationresources\lib\Cake\View\Helper\FormHelper.php(191): Model->schema()
#7 C:\wamp\www\reservationresources\lib\Cake\View\Helper\FormHelper.php(444): FormHelper->_introspectModel('Property', 'fields')
#8 C:\wamp\www\reservationresources\app\View\Properties\index.ctp(36): FormHelper->create('Property', Array)
#9 C:\wamp\www\reservationresources\lib\Cake\View\View.php(908): include('C:\wamp\www\res...')
#10 C:\wamp\www\reservationresources\lib\Cake\View\View.php(872): View->_evaluate('C:\wamp\www\res...', Array)
#11 C:\wamp\www\reservationresources\lib\Cake\View\View.php(463): View->_render('C:\wamp\www\res...')
#12 C:\wamp\www\reservationresources\lib\Cake\Controller\Controller.php(959): View->render(NULL, NULL)
#13 C:\wamp\www\reservationresources\lib\Cake\Routing\Dispatcher.php(110): Controller->render()
#14 C:\wamp\www\reservationresources\lib\Cake\Routing\Dispatcher.php(85): Dispatcher->_invoke(Object(PropertiesController), Object(CakeRequest), Object(CakeResponse))
#15 C:\wamp\www\reservationresources\app\webroot\index.php(96): Dispatcher->dispatch(Object(CakeRequest), Object(CakeResponse))
#16 {main}
2013-03-06 18:04:03 Error: [MissingConnectionException] Database connection "SQLSTATE[28000] [1045] Access denied for user 'rr_user'@'localhost' (using password: YES)" is missing, or could not be created.
#0 C:\wamp\www\reservationresources\lib\Cake\Model\Datasource\DboSource.php(245): Mysql->connect()
#1 C:\wamp\www\reservationresources\lib\Cake\Model\ConnectionManager.php(101): DboSource->__construct(Array)
#2 C:\wamp\www\reservationresources\lib\Cake\Model\Model.php(3372): ConnectionManager::getDataSource('default')
#3 C:\wamp\www\reservationresources\lib\Cake\Model\Model.php(1083): Model->setDataSource('default')
#4 C:\wamp\www\reservationresources\lib\Cake\Model\Model.php(3398): Model->setSource('properties')
#5 C:\wamp\www\reservationresources\lib\Cake\Model\Model.php(2653): Model->getDataSource()
#6 C:\wamp\www\reservationresources\app\Controller\SearchesController.php(33): Model->find('all', Array)
#7 [internal function]: SearchesController->searchresults()
#8 C:\wamp\www\reservationresources\lib\Cake\Controller\Controller.php(485): ReflectionMethod->invokeArgs(Object(SearchesController), Array)
#9 C:\wamp\www\reservationresources\lib\Cake\Routing\Dispatcher.php(103): Controller->invokeAction(Object(CakeRequest))
#10 C:\wamp\www\reservationresources\lib\Cake\Routing\Dispatcher.php(85): Dispatcher->_invoke(Object(SearchesController), Object(CakeRequest), Object(CakeResponse))
#11 C:\wamp\www\reservationresources\app\webroot\index.php(96): Dispatcher->dispatch(Object(CakeRequest), Object(CakeResponse))
#12 {main}
2013-03-06 18:04:05 Error: [MissingConnectionException] Database connection "SQLSTATE[28000] [1045] Access denied for user 'rr_user'@'localhost' (using password: YES)" is missing, or could not be created.
#0 C:\wamp\www\reservationresources\lib\Cake\Model\Datasource\DboSource.php(245): Mysql->connect()
#1 C:\wamp\www\reservationresources\lib\Cake\Model\ConnectionManager.php(101): DboSource->__construct(Array)
#2 C:\wamp\www\reservationresources\lib\Cake\Model\Model.php(3372): ConnectionManager::getDataSource('default')
#3 C:\wamp\www\reservationresources\lib\Cake\Model\Model.php(1083): Model->setDataSource('default')
#4 C:\wamp\www\reservationresources\lib\Cake\Model\Model.php(3398): Model->setSource('properties')
#5 C:\wamp\www\reservationresources\lib\Cake\Model\Model.php(2653): Model->getDataSource()
#6 C:\wamp\www\reservationresources\app\Controller\SearchesController.php(33): Model->find('all', Array)
#7 [internal function]: SearchesController->searchresults()
#8 C:\wamp\www\reservationresources\lib\Cake\Controller\Controller.php(485): ReflectionMethod->invokeArgs(Object(SearchesController), Array)
#9 C:\wamp\www\reservationresources\lib\Cake\Routing\Dispatcher.php(103): Controller->invokeAction(Object(CakeRequest))
#10 C:\wamp\www\reservationresources\lib\Cake\Routing\Dispatcher.php(85): Dispatcher->_invoke(Object(SearchesController), Object(CakeRequest), Object(CakeResponse))
#11 C:\wamp\www\reservationresources\app\webroot\index.php(96): Dispatcher->dispatch(Object(CakeRequest), Object(CakeResponse))
#12 {main}
2013-03-06 18:04:32 Error: [MissingConnectionException] Database connection "SQLSTATE[28000] [1045] Access denied for user 'rr_user'@'localhost' (using password: YES)" is missing, or could not be created.
#0 C:\wamp\www\reservationresources\lib\Cake\Model\Datasource\DboSource.php(245): Mysql->connect()
#1 C:\wamp\www\reservationresources\lib\Cake\Model\ConnectionManager.php(101): DboSource->__construct(Array)
#2 C:\wamp\www\reservationresources\lib\Cake\Model\Model.php(3372): ConnectionManager::getDataSource('default')
#3 C:\wamp\www\reservationresources\lib\Cake\Model\Model.php(1083): Model->setDataSource('default')
#4 C:\wamp\www\reservationresources\lib\Cake\Model\Model.php(3398): Model->setSource('properties')
#5 C:\wamp\www\reservationresources\lib\Cake\Model\Model.php(2653): Model->getDataSource()
#6 C:\wamp\www\reservationresources\app\Controller\SearchesController.php(33): Model->find('all', Array)
#7 [internal function]: SearchesController->searchresults()
#8 C:\wamp\www\reservationresources\lib\Cake\Controller\Controller.php(485): ReflectionMethod->invokeArgs(Object(SearchesController), Array)
#9 C:\wamp\www\reservationresources\lib\Cake\Routing\Dispatcher.php(103): Controller->invokeAction(Object(CakeRequest))
#10 C:\wamp\www\reservationresources\lib\Cake\Routing\Dispatcher.php(85): Dispatcher->_invoke(Object(SearchesController), Object(CakeRequest), Object(CakeResponse))
#11 C:\wamp\www\reservationresources\app\webroot\index.php(96): Dispatcher->dispatch(Object(CakeRequest), Object(CakeResponse))
#12 {main}
2013-03-06 18:04:37 Error: [MissingConnectionException] Database connection "SQLSTATE[28000] [1045] Access denied for user 'rr_user'@'localhost' (using password: YES)" is missing, or could not be created.
#0 C:\wamp\www\reservationresources\lib\Cake\Model\Datasource\DboSource.php(245): Mysql->connect()
#1 C:\wamp\www\reservationresources\lib\Cake\Model\ConnectionManager.php(101): DboSource->__construct(Array)
#2 C:\wamp\www\reservationresources\lib\Cake\Model\Model.php(3372): ConnectionManager::getDataSource('default')
#3 C:\wamp\www\reservationresources\lib\Cake\Model\Model.php(1083): Model->setDataSource('default')
#4 C:\wamp\www\reservationresources\lib\Cake\Model\Model.php(3398): Model->setSource('properties')
#5 C:\wamp\www\reservationresources\lib\Cake\Model\Model.php(2653): Model->getDataSource()
#6 C:\wamp\www\reservationresources\app\Controller\SearchesController.php(33): Model->find('all', Array)
#7 [internal function]: SearchesController->searchresults()
#8 C:\wamp\www\reservationresources\lib\Cake\Controller\Controller.php(485): ReflectionMethod->invokeArgs(Object(SearchesController), Array)
#9 C:\wamp\www\reservationresources\lib\Cake\Routing\Dispatcher.php(103): Controller->invokeAction(Object(CakeRequest))
#10 C:\wamp\www\reservationresources\lib\Cake\Routing\Dispatcher.php(85): Dispatcher->_invoke(Object(SearchesController), Object(CakeRequest), Object(CakeResponse))
#11 C:\wamp\www\reservationresources\app\webroot\index.php(96): Dispatcher->dispatch(Object(CakeRequest), Object(CakeResponse))
#12 {main}
2013-03-06 18:04:50 Error: [MissingConnectionException] Database connection "SQLSTATE[28000] [1045] Access denied for user 'rr_user'@'localhost' (using password: YES)" is missing, or could not be created.
#0 C:\wamp\www\reservationresources\lib\Cake\Model\Datasource\DboSource.php(245): Mysql->connect()
#1 C:\wamp\www\reservationresources\lib\Cake\Model\ConnectionManager.php(101): DboSource->__construct(Array)
#2 C:\wamp\www\reservationresources\lib\Cake\Model\Model.php(3372): ConnectionManager::getDataSource('default')
#3 C:\wamp\www\reservationresources\lib\Cake\Model\Model.php(1083): Model->setDataSource('default')
#4 C:\wamp\www\reservationresources\lib\Cake\Model\Model.php(3398): Model->setSource('properties')
#5 C:\wamp\www\reservationresources\lib\Cake\Model\Model.php(2653): Model->getDataSource()
#6 C:\wamp\www\reservationresources\app\Controller\SearchesController.php(33): Model->find('all', Array)
#7 [internal function]: SearchesController->searchresults()
#8 C:\wamp\www\reservationresources\lib\Cake\Controller\Controller.php(485): ReflectionMethod->invokeArgs(Object(SearchesController), Array)
#9 C:\wamp\www\reservationresources\lib\Cake\Routing\Dispatcher.php(103): Controller->invokeAction(Object(CakeRequest))
#10 C:\wamp\www\reservationresources\lib\Cake\Routing\Dispatcher.php(85): Dispatcher->_invoke(Object(SearchesController), Object(CakeRequest), Object(CakeResponse))
#11 C:\wamp\www\reservationresources\app\webroot\index.php(96): Dispatcher->dispatch(Object(CakeRequest), Object(CakeResponse))
#12 {main}
2013-03-06 18:13:36 Error: [MissingConnectionException] Database connection "SQLSTATE[28000] [1045] Access denied for user 'rr_user'@'localhost' (using password: YES)" is missing, or could not be created.
#0 C:\wamp\www\reservationresources\lib\Cake\Model\Datasource\DboSource.php(245): Mysql->connect()
#1 C:\wamp\www\reservationresources\lib\Cake\Model\ConnectionManager.php(101): DboSource->__construct(Array)
#2 C:\wamp\www\reservationresources\lib\Cake\Model\Model.php(3372): ConnectionManager::getDataSource('default')
#3 C:\wamp\www\reservationresources\lib\Cake\Model\Model.php(1083): Model->setDataSource('default')
#4 C:\wamp\www\reservationresources\lib\Cake\Model\Model.php(3398): Model->setSource('properties')
#5 C:\wamp\www\reservationresources\lib\Cake\Model\Model.php(2653): Model->getDataSource()
#6 C:\wamp\www\reservationresources\app\Controller\SearchesController.php(33): Model->find('all', Array)
#7 [internal function]: SearchesController->searchresults()
#8 C:\wamp\www\reservationresources\lib\Cake\Controller\Controller.php(485): ReflectionMethod->invokeArgs(Object(SearchesController), Array)
#9 C:\wamp\www\reservationresources\lib\Cake\Routing\Dispatcher.php(103): Controller->invokeAction(Object(CakeRequest))
#10 C:\wamp\www\reservationresources\lib\Cake\Routing\Dispatcher.php(85): Dispatcher->_invoke(Object(SearchesController), Object(CakeRequest), Object(CakeResponse))
#11 C:\wamp\www\reservationresources\app\webroot\index.php(96): Dispatcher->dispatch(Object(CakeRequest), Object(CakeResponse))
#12 {main}
2013-03-06 19:55:49 Error: [MissingPluginException] Plugin  could not be found.
#0 C:\wamp\www\reservationresources\lib\Cake\Routing\Dispatcher.php(278): CakePlugin::path('')
#1 C:\wamp\www\reservationresources\lib\Cake\Routing\Dispatcher.php(70): Dispatcher->asset('/images/43/128/...', Object(CakeResponse))
#2 C:\wamp\www\reservationresources\app\webroot\index.php(96): Dispatcher->dispatch(Object(CakeRequest), Object(CakeResponse))
#3 {main}
2013-03-06 19:55:50 Error: [MissingPluginException] Plugin  could not be found.
#0 C:\wamp\www\reservationresources\lib\Cake\Routing\Dispatcher.php(278): CakePlugin::path('')
#1 C:\wamp\www\reservationresources\lib\Cake\Routing\Dispatcher.php(70): Dispatcher->asset('/images/163/177...', Object(CakeResponse))
#2 C:\wamp\www\reservationresources\app\webroot\index.php(96): Dispatcher->dispatch(Object(CakeRequest), Object(CakeResponse))
#3 {main}
2013-03-06 19:55:50 Error: [MissingPluginException] Plugin  could not be found.
#0 C:\wamp\www\reservationresources\lib\Cake\Routing\Dispatcher.php(278): CakePlugin::path('')
#1 C:\wamp\www\reservationresources\lib\Cake\Routing\Dispatcher.php(70): Dispatcher->asset('/images/59/221/...', Object(CakeResponse))
#2 C:\wamp\www\reservationresources\app\webroot\index.php(96): Dispatcher->dispatch(Object(CakeRequest), Object(CakeResponse))
#3 {main}
